2025-09-15 21:10:25,652 - HybridCourseSelector - INFO - 混合选课器初始化完成
2025-09-15 21:10:25,652 - HybridCourseSelector - INFO - 开始执行混合选课流程
2025-09-15 21:10:25,652 - HybridCourseSelector - INFO - 开始初始化混合选课器子组件
2025-09-15 21:10:25,656 - HybridCourseSelector - INFO - 混合选课器子组件初始化完成
2025-09-15 21:10:25,656 - HybridCourseSelector - INFO - 目标课程: 计算机工程中最优化的方法 (202520261B06003...)
2025-09-15 21:10:25,656 - HybridCourseSelector - INFO - 开始认证流程，用户名: 233***
2025-09-15 21:10:25,656 - HybridCourseSelector - INFO - 开始执行login操作，最大重试次数: 3
2025-09-15 21:10:25,656 - HybridCourseSelector - INFO - 开始Playwright自动认证，用户名: 233***
2025-09-15 21:10:27,160 - HybridCourseSelector - INFO - 导航到SSO登录页面: https://sso.buaa.edu.cn/login?service=https%3A%2F%2Fbyxk.buaa.edu.cn%2Fxsxk%2Flogin%3F_targetUrl%3Dbase64aHR0cHM6Ly9ieXhrLmJ1YWEuZWR1LmNuL3hzeGsvZWxlY3RpdmUvYnVhYQ%3D%3D
2025-09-15 21:10:30,598 - HybridCourseSelector - INFO - 在iframe中填写登录表单
2025-09-15 21:10:34,840 - HybridCourseSelector - INFO - 登录表单填写完成
2025-09-15 21:10:34,840 - HybridCourseSelector - INFO - 提交登录表单
2025-09-15 21:10:39,014 - HybridCourseSelector - INFO - 登录表单提交完成
2025-09-15 21:10:39,015 - HybridCourseSelector - INFO - 处理登录后确认页面
2025-09-15 21:10:40,085 - HybridCourseSelector - INFO - 使用XPath点击确定按钮成功
2025-09-15 21:10:42,473 - HybridCourseSelector - INFO - 实时捕获到secretVal: 4Zx2vOjasV7+lzPocqhbo1tOoySxM1zfNQatjZupVAtaQcuXUf...
2025-09-15 21:10:42,473 - HybridCourseSelector - INFO - 实时捕获到secretVal: 4Zx2vOjasV7+lzPocqhboxXEG6LKkBBXT3jaK0jymcBaQcuXUf...
2025-09-15 21:10:42,473 - HybridCourseSelector - INFO - 实时捕获到secretVal: 4Zx2vOjasV7+lzPocqhbozxbjCIkMWlcgQ9UBf0997daQcuXUf...
2025-09-15 21:10:42,474 - HybridCourseSelector - INFO - 实时捕获到secretVal: jyCh0A31FXldW4TIPasfLYTD5+qdtkFAkezbw1r3VdWJ+3mVjw...
2025-09-15 21:10:42,474 - HybridCourseSelector - INFO - 实时捕获到secretVal: jyCh0A31FXldW4TIPasfLdBsNBSAbbHmkIAHp4/c4+D6jQffE2...
2025-09-15 21:10:42,474 - HybridCourseSelector - INFO - 实时捕获到secretVal: jyCh0A31FXldW4TIPasfLUg05c6qjgPJVvSyQ1ixXdeJ+3mVjw...
2025-09-15 21:10:42,474 - HybridCourseSelector - INFO - 实时捕获到secretVal: jyCh0A31FXldW4TIPasfLbFoYa+uQTr2M73VCVdIQv6J+3mVjw...
2025-09-15 21:10:42,474 - HybridCourseSelector - INFO - 实时捕获到secretVal: jyCh0A31FXldW4TIPasfLbDIDm0VTthvA5ugACEqSdWJ+3mVjw...
2025-09-15 21:10:42,474 - HybridCourseSelector - INFO - 实时捕获到secretVal: jyCh0A31FXldW4TIPasfLTCDliOUbSw+kqpZ851M5nOJ+3mVjw...
2025-09-15 21:10:42,474 - HybridCourseSelector - INFO - 实时捕获到secretVal: jyCh0A31FXldW4TIPasfLWOZ1LO+vq1i+qaIzh4heM+J+3mVjw...
2025-09-15 21:10:43,168 - HybridCourseSelector - INFO - 点击选课按钮成功
2025-09-15 21:10:45,230 - HybridCourseSelector - INFO - 关闭弹窗成功
2025-09-15 21:10:47,245 - HybridCourseSelector - INFO - 当前页面URL: https://byxk.buaa.edu.cn/xsxk/elective/grablessons?batchId=d6d090c4364342bc94de17a22eaf7068
2025-09-15 21:10:47,245 - HybridCourseSelector - INFO - 成功到达选课页面
2025-09-15 21:10:47,245 - HybridCourseSelector - INFO - 触发课程列表API以获取secretVal...
2025-09-15 21:10:49,398 - HybridCourseSelector - INFO - API响应长度: 34752 字符
2025-09-15 21:10:49,399 - HybridCourseSelector - INFO - SSO登录流程完成
2025-09-15 21:10:49,399 - HybridCourseSelector - INFO - 开始提取认证信息
2025-09-15 21:10:49,426 - HybridCourseSelector - INFO - 尝试通过API获取secretVal...
2025-09-15 21:10:49,426 - HybridCourseSelector - INFO - 从页面JavaScript中搜索secretVal...
2025-09-15 21:10:49,438 - HybridCourseSelector - INFO - 通过课程列表API获取secretVal...
2025-09-15 21:10:49,493 - HybridCourseSelector - WARNING - API响应中未找到secretVal字段
2025-09-15 21:10:49,513 - HybridCourseSelector - WARNING - 所有方法都未能获取到secretVal
2025-09-15 21:10:49,513 - HybridCourseSelector - INFO - 成功提取基础认证信息
2025-09-15 21:10:49,513 - HybridCourseSelector - INFO - 使用捕获的secretVal: jyCh0A31FXldW4TIPasfLWOZ1LO+vq1i+qaIzh4heM+J+3mVjw...
2025-09-15 21:10:49,513 - HybridCourseSelector - INFO - Playwright认证成功，认证信息提取完成
2025-09-15 21:10:49,807 - HybridCourseSelector - INFO - login操作成功，尝试次数: 1, 总耗时: 24.15s
2025-09-15 21:10:49,807 - HybridCourseSelector - INFO - 开始HTTP选课，课程: 计算机工程中最优化的方法
2025-09-15 21:10:49,807 - HybridCourseSelector - INFO - 开始执行http_request操作，最大重试次数: 5
2025-09-15 21:10:49,807 - HybridCourseSelector - INFO - 开始HTTP选课，课程ID: 202520261B...
2025-09-15 21:10:49,807 - HybridCourseSelector - INFO - 使用认证信息中的secretVal: jyCh0A31FXldW4TIPasfLWOZ1LO+vq1i+qaIzh4heM+J+3mVjw...
2025-09-15 21:10:49,874 - HybridCourseSelector - INFO - HTTP选课成功，耗时: 0.07s
2025-09-15 21:10:49,874 - HybridCourseSelector - INFO - http_request操作成功，尝试次数: 1, 总耗时: 0.07s
2025-09-15 21:10:49,876 - HybridCourseSelector - INFO - 混合选课器资源清理完成
2025-09-15 21:13:20,189 - HybridCourseSelector - INFO - 混合选课器初始化完成
2025-09-15 21:13:20,189 - HybridCourseSelector - INFO - 开始执行混合选课流程
2025-09-15 21:13:20,189 - HybridCourseSelector - INFO - 开始初始化混合选课器子组件
2025-09-15 21:13:20,190 - HybridCourseSelector - INFO - 混合选课器子组件初始化完成
2025-09-15 21:13:20,190 - HybridCourseSelector - INFO - 目标课程: C语言系统级编程 (202520261B06003...)
2025-09-15 21:13:20,190 - HybridCourseSelector - INFO - 开始认证流程，用户名: 233***
2025-09-15 21:13:20,190 - HybridCourseSelector - INFO - 开始执行login操作，最大重试次数: 3
2025-09-15 21:13:20,190 - HybridCourseSelector - INFO - 开始Playwright自动认证，用户名: 233***
2025-09-15 21:13:21,507 - HybridCourseSelector - INFO - 导航到SSO登录页面: https://sso.buaa.edu.cn/login?service=https%3A%2F%2Fbyxk.buaa.edu.cn%2Fxsxk%2Flogin%3F_targetUrl%3Dbase64aHR0cHM6Ly9ieXhrLmJ1YWEuZWR1LmNuL3hzeGsvZWxlY3RpdmUvYnVhYQ%3D%3D
2025-09-15 21:13:24,847 - HybridCourseSelector - INFO - 在iframe中填写登录表单
2025-09-15 21:13:29,053 - HybridCourseSelector - INFO - 登录表单填写完成
2025-09-15 21:13:29,053 - HybridCourseSelector - INFO - 提交登录表单
2025-09-15 21:13:33,196 - HybridCourseSelector - INFO - 登录表单提交完成
2025-09-15 21:13:33,196 - HybridCourseSelector - INFO - 处理登录后确认页面
2025-09-15 21:13:34,253 - HybridCourseSelector - INFO - 使用XPath点击确定按钮成功
2025-09-15 21:13:36,556 - HybridCourseSelector - INFO - 实时捕获到secretVal: 4Zx2vOjasV7+lzPocqhbo1tOoySxM1zfNQatjZupVAtaQcuXUf...
2025-09-15 21:13:36,556 - HybridCourseSelector - INFO - 实时捕获到secretVal: 4Zx2vOjasV7+lzPocqhboxXEG6LKkBBXT3jaK0jymcBaQcuXUf...
2025-09-15 21:13:36,556 - HybridCourseSelector - INFO - 实时捕获到secretVal: 4Zx2vOjasV7+lzPocqhbozxbjCIkMWlcgQ9UBf0997daQcuXUf...
2025-09-15 21:13:36,556 - HybridCourseSelector - INFO - 实时捕获到secretVal: jyCh0A31FXldW4TIPasfLYTD5+qdtkFAkezbw1r3VdWJ+3mVjw...
2025-09-15 21:13:36,556 - HybridCourseSelector - INFO - 实时捕获到secretVal: jyCh0A31FXldW4TIPasfLdBsNBSAbbHmkIAHp4/c4+D6jQffE2...
2025-09-15 21:13:36,556 - HybridCourseSelector - INFO - 实时捕获到secretVal: jyCh0A31FXldW4TIPasfLUg05c6qjgPJVvSyQ1ixXdeJ+3mVjw...
2025-09-15 21:13:36,556 - HybridCourseSelector - INFO - 实时捕获到secretVal: jyCh0A31FXldW4TIPasfLbFoYa+uQTr2M73VCVdIQv6J+3mVjw...
2025-09-15 21:13:36,556 - HybridCourseSelector - INFO - 实时捕获到secretVal: jyCh0A31FXldW4TIPasfLbDIDm0VTthvA5ugACEqSdWJ+3mVjw...
2025-09-15 21:13:36,556 - HybridCourseSelector - INFO - 实时捕获到secretVal: jyCh0A31FXldW4TIPasfLTCDliOUbSw+kqpZ851M5nOJ+3mVjw...
2025-09-15 21:13:36,556 - HybridCourseSelector - INFO - 实时捕获到secretVal: jyCh0A31FXldW4TIPasfLWOZ1LO+vq1i+qaIzh4heM+J+3mVjw...
2025-09-15 21:13:37,331 - HybridCourseSelector - INFO - 点击选课按钮成功
2025-09-15 21:13:39,399 - HybridCourseSelector - INFO - 关闭弹窗成功
2025-09-15 21:13:41,401 - HybridCourseSelector - INFO - 当前页面URL: https://byxk.buaa.edu.cn/xsxk/elective/grablessons?batchId=d6d090c4364342bc94de17a22eaf7068
2025-09-15 21:13:41,401 - HybridCourseSelector - INFO - 成功到达选课页面
2025-09-15 21:13:41,402 - HybridCourseSelector - INFO - 触发课程列表API以获取secretVal...
2025-09-15 21:13:43,525 - HybridCourseSelector - INFO - API响应长度: 34752 字符
2025-09-15 21:13:43,526 - HybridCourseSelector - INFO - SSO登录流程完成
2025-09-15 21:13:43,526 - HybridCourseSelector - INFO - 开始提取认证信息
2025-09-15 21:13:43,546 - HybridCourseSelector - INFO - 尝试通过API获取secretVal...
2025-09-15 21:13:43,547 - HybridCourseSelector - INFO - 从页面JavaScript中搜索secretVal...
2025-09-15 21:13:43,551 - HybridCourseSelector - INFO - 通过课程列表API获取secretVal...
2025-09-15 21:13:43,601 - HybridCourseSelector - WARNING - API响应中未找到secretVal字段
2025-09-15 21:13:43,610 - HybridCourseSelector - WARNING - 所有方法都未能获取到secretVal
2025-09-15 21:13:43,610 - HybridCourseSelector - INFO - 成功提取基础认证信息
2025-09-15 21:13:43,610 - HybridCourseSelector - INFO - 使用捕获的secretVal: jyCh0A31FXldW4TIPasfLWOZ1LO+vq1i+qaIzh4heM+J+3mVjw...
2025-09-15 21:13:43,610 - HybridCourseSelector - INFO - Playwright认证成功，认证信息提取完成
2025-09-15 21:13:43,865 - HybridCourseSelector - INFO - login操作成功，尝试次数: 1, 总耗时: 23.68s
2025-09-15 21:13:43,865 - HybridCourseSelector - INFO - 开始HTTP选课，课程: C语言系统级编程
2025-09-15 21:13:43,865 - HybridCourseSelector - INFO - 开始执行http_request操作，最大重试次数: 5
2025-09-15 21:13:43,865 - HybridCourseSelector - INFO - 开始HTTP选课，课程ID: 202520261B...
2025-09-15 21:13:43,865 - HybridCourseSelector - INFO - 使用认证信息中的secretVal: jyCh0A31FXldW4TIPasfLWOZ1LO+vq1i+qaIzh4heM+J+3mVjw...
2025-09-15 21:13:43,922 - HybridCourseSelector - ERROR - HTTP选课失败: 参数校验不通过,可能账号在其他地方登录，请重新登录后重试
2025-09-15 21:13:43,923 - HybridCourseSelector - INFO - http_request操作成功，尝试次数: 1, 总耗时: 0.06s
2025-09-15 21:13:43,923 - HybridCourseSelector - INFO - 混合选课器资源清理完成
2025-09-15 21:14:31,124 - HybridCourseSelector - INFO - 混合选课器初始化完成
2025-09-15 21:14:31,124 - HybridCourseSelector - INFO - 开始执行混合选课流程
2025-09-15 21:14:31,124 - HybridCourseSelector - INFO - 开始初始化混合选课器子组件
2025-09-15 21:14:31,125 - HybridCourseSelector - INFO - 混合选课器子组件初始化完成
2025-09-15 21:14:31,125 - HybridCourseSelector - INFO - 目标课程: C语言系统级编程 (202520261B06003...)
2025-09-15 21:14:31,125 - HybridCourseSelector - INFO - 开始认证流程，用户名: 233***
2025-09-15 21:14:31,125 - HybridCourseSelector - INFO - 开始执行login操作，最大重试次数: 3
2025-09-15 21:14:31,125 - HybridCourseSelector - INFO - 开始Playwright自动认证，用户名: 233***
2025-09-15 21:14:32,265 - HybridCourseSelector - INFO - 导航到SSO登录页面: https://sso.buaa.edu.cn/login?service=https%3A%2F%2Fbyxk.buaa.edu.cn%2Fxsxk%2Flogin%3F_targetUrl%3Dbase64aHR0cHM6Ly9ieXhrLmJ1YWEuZWR1LmNuL3hzeGsvZWxlY3RpdmUvYnVhYQ%3D%3D
2025-09-15 21:14:35,861 - HybridCourseSelector - INFO - 在iframe中填写登录表单
2025-09-15 21:14:40,054 - HybridCourseSelector - INFO - 登录表单填写完成
2025-09-15 21:14:40,054 - HybridCourseSelector - INFO - 提交登录表单
2025-09-15 21:14:44,227 - HybridCourseSelector - INFO - 登录表单提交完成
2025-09-15 21:14:44,227 - HybridCourseSelector - INFO - 处理登录后确认页面
2025-09-15 21:14:45,284 - HybridCourseSelector - INFO - 使用XPath点击确定按钮成功
2025-09-15 21:14:47,614 - HybridCourseSelector - INFO - 实时捕获到secretVal: 4Zx2vOjasV7+lzPocqhbo1tOoySxM1zfNQatjZupVAtaQcuXUf...
2025-09-15 21:14:47,614 - HybridCourseSelector - INFO - 实时捕获到secretVal: 4Zx2vOjasV7+lzPocqhboxXEG6LKkBBXT3jaK0jymcBaQcuXUf...
2025-09-15 21:14:47,614 - HybridCourseSelector - INFO - 实时捕获到secretVal: 4Zx2vOjasV7+lzPocqhbozxbjCIkMWlcgQ9UBf0997daQcuXUf...
2025-09-15 21:14:47,614 - HybridCourseSelector - INFO - 实时捕获到secretVal: jyCh0A31FXldW4TIPasfLYTD5+qdtkFAkezbw1r3VdWJ+3mVjw...
2025-09-15 21:14:47,614 - HybridCourseSelector - INFO - 实时捕获到secretVal: jyCh0A31FXldW4TIPasfLdBsNBSAbbHmkIAHp4/c4+D6jQffE2...
2025-09-15 21:14:47,614 - HybridCourseSelector - INFO - 实时捕获到secretVal: jyCh0A31FXldW4TIPasfLUg05c6qjgPJVvSyQ1ixXdeJ+3mVjw...
2025-09-15 21:14:47,614 - HybridCourseSelector - INFO - 实时捕获到secretVal: jyCh0A31FXldW4TIPasfLbFoYa+uQTr2M73VCVdIQv6J+3mVjw...
2025-09-15 21:14:47,614 - HybridCourseSelector - INFO - 实时捕获到secretVal: jyCh0A31FXldW4TIPasfLbDIDm0VTthvA5ugACEqSdWJ+3mVjw...
2025-09-15 21:14:47,614 - HybridCourseSelector - INFO - 实时捕获到secretVal: jyCh0A31FXldW4TIPasfLTCDliOUbSw+kqpZ851M5nOJ+3mVjw...
2025-09-15 21:14:47,614 - HybridCourseSelector - INFO - 实时捕获到secretVal: jyCh0A31FXldW4TIPasfLWOZ1LO+vq1i+qaIzh4heM+J+3mVjw...
2025-09-15 21:14:48,368 - HybridCourseSelector - INFO - 点击选课按钮成功
2025-09-15 21:14:50,429 - HybridCourseSelector - INFO - 关闭弹窗成功
2025-09-15 21:14:52,436 - HybridCourseSelector - INFO - 当前页面URL: https://byxk.buaa.edu.cn/xsxk/elective/grablessons?batchId=d6d090c4364342bc94de17a22eaf7068
2025-09-15 21:14:52,436 - HybridCourseSelector - INFO - 成功到达选课页面
2025-09-15 21:14:52,436 - HybridCourseSelector - INFO - 触发课程列表API以获取secretVal...
2025-09-15 21:14:54,744 - HybridCourseSelector - INFO - API响应长度: 34752 字符
2025-09-15 21:14:54,750 - HybridCourseSelector - INFO - SSO登录流程完成
2025-09-15 21:14:54,750 - HybridCourseSelector - INFO - 开始提取认证信息
2025-09-15 21:14:54,828 - HybridCourseSelector - INFO - 尝试通过API获取secretVal...
2025-09-15 21:14:54,828 - HybridCourseSelector - INFO - 从页面JavaScript中搜索secretVal...
2025-09-15 21:14:54,849 - HybridCourseSelector - INFO - 通过课程列表API获取secretVal...
2025-09-15 21:14:54,927 - HybridCourseSelector - WARNING - API响应中未找到secretVal字段
2025-09-15 21:14:54,965 - HybridCourseSelector - WARNING - 所有方法都未能获取到secretVal
2025-09-15 21:14:54,965 - HybridCourseSelector - INFO - 成功提取基础认证信息
2025-09-15 21:14:54,966 - HybridCourseSelector - INFO - 使用捕获的secretVal: jyCh0A31FXldW4TIPasfLWOZ1LO+vq1i+qaIzh4heM+J+3mVjw...
2025-09-15 21:14:54,966 - HybridCourseSelector - INFO - Playwright认证成功，认证信息提取完成
2025-09-15 21:14:55,493 - HybridCourseSelector - INFO - login操作成功，尝试次数: 1, 总耗时: 24.37s
2025-09-15 21:14:55,493 - HybridCourseSelector - INFO - 开始HTTP选课，课程: C语言系统级编程
2025-09-15 21:14:55,493 - HybridCourseSelector - INFO - 开始执行http_request操作，最大重试次数: 5
2025-09-15 21:14:55,494 - HybridCourseSelector - INFO - 开始HTTP选课，课程ID: 202520261B...
2025-09-15 21:14:55,494 - HybridCourseSelector - INFO - 使用认证信息中的secretVal: jyCh0A31FXldW4TIPasfLWOZ1LO+vq1i+qaIzh4heM+J+3mVjw...
2025-09-15 21:14:55,555 - HybridCourseSelector - ERROR - HTTP选课失败: 参数校验不通过,可能账号在其他地方登录，请重新登录后重试
2025-09-15 21:14:55,555 - HybridCourseSelector - INFO - http_request操作成功，尝试次数: 1, 总耗时: 0.06s
2025-09-15 21:14:55,557 - HybridCourseSelector - INFO - 混合选课器资源清理完成
2025-09-15 21:19:32,555 - HybridCourseSelector - INFO - 混合选课器初始化完成
2025-09-15 21:19:32,555 - HybridCourseSelector - INFO - 开始执行混合选课流程
2025-09-15 21:19:32,556 - HybridCourseSelector - INFO - 开始初始化混合选课器子组件
2025-09-15 21:19:32,558 - HybridCourseSelector - INFO - 混合选课器子组件初始化完成
2025-09-15 21:19:32,558 - HybridCourseSelector - INFO - 目标课程: C语言系统级编程 (202520261B06003...)
2025-09-15 21:19:32,558 - HybridCourseSelector - INFO - 开始认证流程，用户名: 233***
2025-09-15 21:19:32,558 - HybridCourseSelector - INFO - 开始执行login操作，最大重试次数: 3
2025-09-15 21:19:32,558 - HybridCourseSelector - INFO - 开始Playwright自动认证，用户名: 233***
2025-09-15 21:19:34,012 - HybridCourseSelector - INFO - 导航到SSO登录页面: https://sso.buaa.edu.cn/login?service=https%3A%2F%2Fbyxk.buaa.edu.cn%2Fxsxk%2Flogin%3F_targetUrl%3Dbase64aHR0cHM6Ly9ieXhrLmJ1YWEuZWR1LmNuL3hzeGsvZWxlY3RpdmUvYnVhYQ%3D%3D
2025-09-15 21:19:37,445 - HybridCourseSelector - INFO - 在iframe中填写登录表单
2025-09-15 21:19:41,705 - HybridCourseSelector - INFO - 登录表单填写完成
2025-09-15 21:19:41,705 - HybridCourseSelector - INFO - 提交登录表单
2025-09-15 21:19:45,875 - HybridCourseSelector - INFO - 登录表单提交完成
2025-09-15 21:19:45,875 - HybridCourseSelector - INFO - 处理登录后确认页面
2025-09-15 21:19:46,947 - HybridCourseSelector - INFO - 使用XPath点击确定按钮成功
2025-09-15 21:19:49,306 - HybridCourseSelector - INFO - 实时捕获到secretVal: 4Zx2vOjasV7+lzPocqhbo1tOoySxM1zfNQatjZupVAtaQcuXUf...
2025-09-15 21:19:49,306 - HybridCourseSelector - INFO - 实时捕获到secretVal: 4Zx2vOjasV7+lzPocqhboxXEG6LKkBBXT3jaK0jymcBaQcuXUf...
2025-09-15 21:19:49,306 - HybridCourseSelector - INFO - 实时捕获到secretVal: 4Zx2vOjasV7+lzPocqhbozxbjCIkMWlcgQ9UBf0997daQcuXUf...
2025-09-15 21:19:49,306 - HybridCourseSelector - INFO - 实时捕获到secretVal: jyCh0A31FXldW4TIPasfLYTD5+qdtkFAkezbw1r3VdWJ+3mVjw...
2025-09-15 21:19:49,306 - HybridCourseSelector - INFO - 实时捕获到secretVal: jyCh0A31FXldW4TIPasfLdBsNBSAbbHmkIAHp4/c4+D6jQffE2...
2025-09-15 21:19:49,306 - HybridCourseSelector - INFO - 实时捕获到secretVal: jyCh0A31FXldW4TIPasfLUg05c6qjgPJVvSyQ1ixXdeJ+3mVjw...
2025-09-15 21:19:49,306 - HybridCourseSelector - INFO - 实时捕获到secretVal: jyCh0A31FXldW4TIPasfLbFoYa+uQTr2M73VCVdIQv6J+3mVjw...
2025-09-15 21:19:49,306 - HybridCourseSelector - INFO - 实时捕获到secretVal: jyCh0A31FXldW4TIPasfLbDIDm0VTthvA5ugACEqSdWJ+3mVjw...
2025-09-15 21:19:49,306 - HybridCourseSelector - INFO - 实时捕获到secretVal: jyCh0A31FXldW4TIPasfLTCDliOUbSw+kqpZ851M5nOJ+3mVjw...
2025-09-15 21:19:49,306 - HybridCourseSelector - INFO - 实时捕获到secretVal: jyCh0A31FXldW4TIPasfLWOZ1LO+vq1i+qaIzh4heM+J+3mVjw...
2025-09-15 21:19:50,034 - HybridCourseSelector - INFO - 点击选课按钮成功
2025-09-15 21:19:52,107 - HybridCourseSelector - INFO - 关闭弹窗成功
2025-09-15 21:19:54,121 - HybridCourseSelector - INFO - 当前页面URL: https://byxk.buaa.edu.cn/xsxk/elective/grablessons?batchId=d6d090c4364342bc94de17a22eaf7068
2025-09-15 21:19:54,121 - HybridCourseSelector - INFO - 成功到达选课页面
2025-09-15 21:19:54,121 - HybridCourseSelector - INFO - 触发课程列表API以获取secretVal...
2025-09-15 21:19:56,275 - HybridCourseSelector - INFO - API响应长度: 34752 字符
2025-09-15 21:19:56,276 - HybridCourseSelector - INFO - SSO登录流程完成
2025-09-15 21:19:56,276 - HybridCourseSelector - INFO - 开始提取认证信息
2025-09-15 21:19:56,300 - HybridCourseSelector - INFO - 尝试通过API获取secretVal...
2025-09-15 21:19:56,300 - HybridCourseSelector - INFO - 从页面JavaScript中搜索secretVal...
2025-09-15 21:19:56,308 - HybridCourseSelector - INFO - 通过课程列表API获取secretVal...
2025-09-15 21:19:56,362 - HybridCourseSelector - WARNING - API响应中未找到secretVal字段
2025-09-15 21:19:56,388 - HybridCourseSelector - WARNING - 所有方法都未能获取到secretVal
2025-09-15 21:19:56,388 - HybridCourseSelector - INFO - 成功提取基础认证信息
2025-09-15 21:19:56,388 - HybridCourseSelector - INFO - 使用捕获的secretVal: jyCh0A31FXldW4TIPasfLWOZ1LO+vq1i+qaIzh4heM+J+3mVjw...
2025-09-15 21:19:56,388 - HybridCourseSelector - INFO - Playwright认证成功，认证信息提取完成
2025-09-15 21:19:56,683 - HybridCourseSelector - INFO - login操作成功，尝试次数: 1, 总耗时: 24.13s
2025-09-15 21:19:56,683 - HybridCourseSelector - INFO - 开始HTTP选课，课程: C语言系统级编程
2025-09-15 21:19:56,683 - HybridCourseSelector - INFO - 开始执行http_request操作，最大重试次数: 5
2025-09-15 21:19:56,683 - HybridCourseSelector - INFO - 开始HTTP选课，课程ID: 202520261B...
2025-09-15 21:19:56,683 - HybridCourseSelector - INFO - 使用认证信息中的secretVal: jyCh0A31FXldW4TIPasfLWOZ1LO+vq1i+qaIzh4heM+J+3mVjw...
2025-09-15 21:19:56,777 - HybridCourseSelector - ERROR - HTTP选课失败: 参数校验不通过,可能账号在其他地方登录，请重新登录后重试
2025-09-15 21:19:56,777 - HybridCourseSelector - INFO - http_request操作成功，尝试次数: 1, 总耗时: 0.09s
2025-09-15 21:19:56,779 - HybridCourseSelector - INFO - 混合选课器资源清理完成
2025-09-15 21:21:45,103 - HybridCourseSelector - INFO - 混合选课器初始化完成
2025-09-15 21:21:50,258 - HybridCourseSelector - INFO - 混合选课器资源清理完成
2025-09-15 23:01:59,773 - HybridCourseSelector - INFO - 混合选课器初始化完成
2025-09-15 23:01:59,774 - HybridCourseSelector - INFO - 开始执行混合选课流程
2025-09-15 23:01:59,774 - HybridCourseSelector - INFO - 开始初始化混合选课器子组件
2025-09-15 23:01:59,775 - HybridCourseSelector - INFO - 混合选课器子组件初始化完成
2025-09-15 23:01:59,775 - HybridCourseSelector - INFO - 目标课程: 计算机工程中最优化的方法 (202520261B06003...)
2025-09-15 23:01:59,775 - HybridCourseSelector - INFO - 开始认证流程，用户名: 233***
2025-09-15 23:01:59,775 - HybridCourseSelector - INFO - 开始执行login操作，最大重试次数: 3
2025-09-15 23:01:59,775 - HybridCourseSelector - INFO - 开始Playwright自动认证，用户名: 233***
2025-09-15 23:02:00,983 - HybridCourseSelector - INFO - 导航到SSO登录页面: https://sso.buaa.edu.cn/login?service=https%3A%2F%2Fbyxk.buaa.edu.cn%2Fxsxk%2Flogin%3F_targetUrl%3Dbase64aHR0cHM6Ly9ieXhrLmJ1YWEuZWR1LmNuL3hzeGsvZWxlY3RpdmUvYnVhYQ%3D%3D
2025-09-15 23:02:04,650 - HybridCourseSelector - INFO - 在iframe中填写登录表单
2025-09-15 23:02:08,866 - HybridCourseSelector - INFO - 登录表单填写完成
2025-09-15 23:02:08,866 - HybridCourseSelector - INFO - 提交登录表单
2025-09-15 23:02:13,095 - HybridCourseSelector - INFO - 登录表单提交完成
2025-09-15 23:02:13,095 - HybridCourseSelector - INFO - 处理登录后确认页面
2025-09-15 23:02:14,206 - HybridCourseSelector - INFO - 使用XPath点击确定按钮成功
2025-09-15 23:02:17,378 - HybridCourseSelector - INFO - 实时捕获到secretVal: 4Zx2vOjasV7+lzPocqhbo1tOoySxM1zfNQatjZupVAtaQcuXUf...
2025-09-15 23:02:17,378 - HybridCourseSelector - INFO - 实时捕获到secretVal: 4Zx2vOjasV7+lzPocqhboxXEG6LKkBBXT3jaK0jymcBaQcuXUf...
2025-09-15 23:02:17,378 - HybridCourseSelector - INFO - 实时捕获到secretVal: 4Zx2vOjasV7+lzPocqhbozxbjCIkMWlcgQ9UBf0997daQcuXUf...
2025-09-15 23:02:17,378 - HybridCourseSelector - INFO - 实时捕获到secretVal: jyCh0A31FXldW4TIPasfLYTD5+qdtkFAkezbw1r3VdWJ+3mVjw...
2025-09-15 23:02:17,378 - HybridCourseSelector - INFO - 实时捕获到secretVal: jyCh0A31FXldW4TIPasfLdBsNBSAbbHmkIAHp4/c4+D6jQffE2...
2025-09-15 23:02:17,378 - HybridCourseSelector - INFO - 实时捕获到secretVal: jyCh0A31FXldW4TIPasfLUg05c6qjgPJVvSyQ1ixXdeJ+3mVjw...
2025-09-15 23:02:17,378 - HybridCourseSelector - INFO - 实时捕获到secretVal: jyCh0A31FXldW4TIPasfLbFoYa+uQTr2M73VCVdIQv6J+3mVjw...
2025-09-15 23:02:17,378 - HybridCourseSelector - INFO - 实时捕获到secretVal: jyCh0A31FXldW4TIPasfLbDIDm0VTthvA5ugACEqSdWJ+3mVjw...
2025-09-15 23:02:17,378 - HybridCourseSelector - INFO - 实时捕获到secretVal: jyCh0A31FXldW4TIPasfLTCDliOUbSw+kqpZ851M5nOJ+3mVjw...
2025-09-15 23:02:17,378 - HybridCourseSelector - INFO - 实时捕获到secretVal: jyCh0A31FXldW4TIPasfLWOZ1LO+vq1i+qaIzh4heM+J+3mVjw...
2025-09-15 23:02:17,507 - HybridCourseSelector - INFO - 点击选课按钮成功
2025-09-15 23:02:19,578 - HybridCourseSelector - INFO - 关闭弹窗成功
2025-09-15 23:02:21,583 - HybridCourseSelector - INFO - 当前页面URL: https://byxk.buaa.edu.cn/xsxk/elective/grablessons?batchId=d6d090c4364342bc94de17a22eaf7068
2025-09-15 23:02:21,583 - HybridCourseSelector - INFO - 成功到达选课页面
2025-09-15 23:02:21,583 - HybridCourseSelector - INFO - 触发课程列表API以获取secretVal...
2025-09-15 23:02:23,835 - HybridCourseSelector - INFO - API响应长度: 34752 字符
2025-09-15 23:02:23,836 - HybridCourseSelector - INFO - SSO登录流程完成
2025-09-15 23:02:23,836 - HybridCourseSelector - INFO - 开始提取认证信息
2025-09-15 23:02:23,918 - HybridCourseSelector - INFO - 尝试通过API获取secretVal...
2025-09-15 23:02:23,919 - HybridCourseSelector - INFO - 从页面JavaScript中搜索secretVal...
2025-09-15 23:02:23,942 - HybridCourseSelector - INFO - 通过课程列表API获取secretVal...
2025-09-15 23:02:24,088 - HybridCourseSelector - WARNING - API响应中未找到secretVal字段
2025-09-15 23:02:24,121 - HybridCourseSelector - WARNING - 所有方法都未能获取到secretVal
2025-09-15 23:02:24,121 - HybridCourseSelector - INFO - 成功提取基础认证信息
2025-09-15 23:02:24,121 - HybridCourseSelector - INFO - 使用捕获的secretVal: jyCh0A31FXldW4TIPasfLWOZ1LO+vq1i+qaIzh4heM+J+3mVjw...
2025-09-15 23:02:24,121 - HybridCourseSelector - INFO - Playwright认证成功，认证信息提取完成
2025-09-15 23:02:24,628 - HybridCourseSelector - INFO - login操作成功，尝试次数: 1, 总耗时: 24.85s
2025-09-15 23:02:24,628 - HybridCourseSelector - INFO - 开始HTTP选课，课程: 计算机工程中最优化的方法
2025-09-15 23:02:24,628 - HybridCourseSelector - INFO - 开始执行http_request操作，最大重试次数: 5
2025-09-15 23:02:24,628 - HybridCourseSelector - INFO - 开始HTTP选课，课程ID: 202520261B...
2025-09-15 23:02:24,628 - HybridCourseSelector - INFO - 使用认证信息中的secretVal: jyCh0A31FXldW4TIPasfLWOZ1LO+vq1i+qaIzh4heM+J+3mVjw...
2025-09-15 23:02:24,728 - HybridCourseSelector - INFO - HTTP选课成功，耗时: 0.10s
2025-09-15 23:02:24,729 - HybridCourseSelector - INFO - http_request操作成功，尝试次数: 1, 总耗时: 0.10s
2025-09-15 23:02:24,731 - HybridCourseSelector - INFO - 混合选课器资源清理完成
